<?xml version="1.0" encoding="UTF-8"?>
<!-- Generated by org.testng.reporters.JUnitXMLReporter -->
<testsuite ignored="0" hostname="DESKTOP-R9NNO27" failures="0" tests="3" name="ChromeTest" time="18.648" errors="0" timestamp="2023-10-13T01:06:03 IST">
  <testcase classname="testPack.VerifyLoginTestng" name="logOut" time="0.664"/>
  <testcase classname="testPack.VerifyCheckoutAndConyinueShoopingTestng" name="toVerifyCheckoutPage" time="4.822"/>
  <testcase classname="testPack.VerifyCheckoutAndConyinueShoopingTestng" name="toVerifyContinueShopping" time="2.415"/>
</testsuite> <!-- ChromeTest -->
