<?xml version="1.0" encoding="UTF-8"?>
<!-- Generated by org.testng.reporters.JUnitXMLReporter -->
<testsuite ignored="0" hostname="DESKTOP-R9NNO27" failures="0" tests="3" name="FirefoxTest" time="20.322" errors="0" timestamp="2023-10-13T01:06:05 IST">
  <testcase classname="testPack.VerifyLoginTestng" name="logOut" time="0.428"/>
  <testcase classname="testPack.VerifyCheckoutAndConyinueShoopingTestng" name="toVerifyCheckoutPage" time="2.956"/>
  <testcase classname="testPack.VerifyCheckoutAndConyinueShoopingTestng" name="toVerifyContinueShopping" time="2.412"/>
</testsuite> <!-- FirefoxTest -->
