<?xml version="1.0" encoding="UTF-8"?>
<testng-results ignored="0" total="6" passed="6" failed="0" skipped="0">
  <reporter-output>
  </reporter-output>
  <suite started-at="2023-10-13T01:05:44 IST" name="Suite" finished-at="2023-10-13T01:06:05 IST" duration-ms="20322">
    <groups>
    </groups>
    <test started-at="2023-10-13T01:05:44 IST" name="ChromeTest" finished-at="2023-10-13T01:06:03 IST" duration-ms="18648">
      <class name="testPack.VerifyLoginTestng">
        <test-method is-config="true" signature="launchBrowser(java.lang.String)[pri:0, instance:testPack.VerifyLoginTestng@776aec5c]" started-at="2023-10-13T01:05:48 IST" name="launchBrowser" finished-at="2023-10-13T01:05:49 IST" duration-ms="1286" status="PASS">
          <params>
            <param index="0">
              <value>
                <![CDATA[Chrome]]>
              </value>
            </param>
          </params>
          <reporter-output>
          </reporter-output>
        </test-method> <!-- launchBrowser -->
        <test-method is-config="true" signature="logIn()[pri:0, instance:testPack.VerifyLoginTestng@776aec5c]" started-at="2023-10-13T01:05:49 IST" name="logIn" finished-at="2023-10-13T01:05:52 IST" duration-ms="3119" status="PASS">
          <reporter-output>
          </reporter-output>
        </test-method> <!-- logIn -->
        <test-method signature="logOut()[pri:0, instance:testPack.VerifyLoginTestng@776aec5c]" started-at="2023-10-13T01:05:52 IST" name="logOut" finished-at="2023-10-13T01:05:53 IST" duration-ms="664" status="PASS">
          <reporter-output>
          </reporter-output>
        </test-method> <!-- logOut -->
        <test-method is-config="true" signature="quitBrowser()[pri:0, instance:testPack.VerifyLoginTestng@776aec5c]" started-at="2023-10-13T01:06:03 IST" name="quitBrowser" finished-at="2023-10-13T01:06:03 IST" duration-ms="217" status="PASS">
          <reporter-output>
          </reporter-output>
        </test-method> <!-- quitBrowser -->
      </class> <!-- testPack.VerifyLoginTestng -->
      <class name="testPack.VerifyCheckoutAndConyinueShoopingTestng">
        <test-method is-config="true" signature="launchBrowser(java.lang.String)[pri:0, instance:testPack.VerifyCheckoutAndConyinueShoopingTestng@206a70ef]" started-at="2023-10-13T01:05:44 IST" name="launchBrowser" finished-at="2023-10-13T01:05:48 IST" duration-ms="3356" status="PASS">
          <params>
            <param index="0">
              <value>
                <![CDATA[Chrome]]>
              </value>
            </param>
          </params>
          <reporter-output>
          </reporter-output>
        </test-method> <!-- launchBrowser -->
        <test-method is-config="true" signature="LoginAndAddToCart()[pri:0, instance:testPack.VerifyCheckoutAndConyinueShoopingTestng@206a70ef]" started-at="2023-10-13T01:05:53 IST" name="LoginAndAddToCart" finished-at="2023-10-13T01:05:54 IST" duration-ms="1509" status="PASS">
          <reporter-output>
          </reporter-output>
        </test-method> <!-- LoginAndAddToCart -->
        <test-method signature="toVerifyCheckoutPage()[pri:1, instance:testPack.VerifyCheckoutAndConyinueShoopingTestng@206a70ef]" started-at="2023-10-13T01:05:54 IST" name="toVerifyCheckoutPage" finished-at="2023-10-13T01:05:59 IST" duration-ms="4822" status="PASS">
          <reporter-output>
          </reporter-output>
        </test-method> <!-- toVerifyCheckoutPage -->
        <test-method is-config="true" signature="LogoutFromApplication()[pri:0, instance:testPack.VerifyCheckoutAndConyinueShoopingTestng@206a70ef]" started-at="2023-10-13T01:05:59 IST" name="LogoutFromApplication" finished-at="2023-10-13T01:06:00 IST" duration-ms="342" status="PASS">
          <reporter-output>
          </reporter-output>
        </test-method> <!-- LogoutFromApplication -->
        <test-method is-config="true" signature="LoginAndAddToCart()[pri:0, instance:testPack.VerifyCheckoutAndConyinueShoopingTestng@206a70ef]" started-at="2023-10-13T01:06:00 IST" name="LoginAndAddToCart" finished-at="2023-10-13T01:06:00 IST" duration-ms="285" status="PASS">
          <reporter-output>
          </reporter-output>
        </test-method> <!-- LoginAndAddToCart -->
        <test-method signature="toVerifyContinueShopping()[pri:2, instance:testPack.VerifyCheckoutAndConyinueShoopingTestng@206a70ef]" started-at="2023-10-13T01:06:00 IST" name="toVerifyContinueShopping" finished-at="2023-10-13T01:06:02 IST" duration-ms="2415" status="PASS">
          <reporter-output>
          </reporter-output>
        </test-method> <!-- toVerifyContinueShopping -->
        <test-method is-config="true" signature="LogoutFromApplication()[pri:0, instance:testPack.VerifyCheckoutAndConyinueShoopingTestng@206a70ef]" started-at="2023-10-13T01:06:02 IST" name="LogoutFromApplication" finished-at="2023-10-13T01:06:03 IST" duration-ms="309" status="PASS">
          <reporter-output>
          </reporter-output>
        </test-method> <!-- LogoutFromApplication -->
        <test-method is-config="true" signature="closeBrowser()[pri:0, instance:testPack.VerifyCheckoutAndConyinueShoopingTestng@206a70ef]" started-at="2023-10-13T01:06:03 IST" name="closeBrowser" finished-at="2023-10-13T01:06:03 IST" duration-ms="249" status="PASS">
          <reporter-output>
          </reporter-output>
        </test-method> <!-- closeBrowser -->
      </class> <!-- testPack.VerifyCheckoutAndConyinueShoopingTestng -->
    </test> <!-- ChromeTest -->
    <test started-at="2023-10-13T01:05:44 IST" name="FirefoxTest" finished-at="2023-10-13T01:06:05 IST" duration-ms="20322">
      <class name="testPack.VerifyLoginTestng">
        <test-method is-config="true" signature="launchBrowser(java.lang.String)[pri:0, instance:testPack.VerifyLoginTestng@4d1c00d0]" started-at="2023-10-13T01:05:49 IST" name="launchBrowser" finished-at="2023-10-13T01:05:52 IST" duration-ms="3361" status="PASS">
          <params>
            <param index="0">
              <value>
                <![CDATA[Firefox]]>
              </value>
            </param>
          </params>
          <reporter-output>
          </reporter-output>
        </test-method> <!-- launchBrowser -->
        <test-method is-config="true" signature="logIn()[pri:0, instance:testPack.VerifyLoginTestng@4d1c00d0]" started-at="2023-10-13T01:05:52 IST" name="logIn" finished-at="2023-10-13T01:05:54 IST" duration-ms="1425" status="PASS">
          <reporter-output>
          </reporter-output>
        </test-method> <!-- logIn -->
        <test-method signature="logOut()[pri:0, instance:testPack.VerifyLoginTestng@4d1c00d0]" started-at="2023-10-13T01:05:54 IST" name="logOut" finished-at="2023-10-13T01:05:54 IST" duration-ms="428" status="PASS">
          <reporter-output>
          </reporter-output>
        </test-method> <!-- logOut -->
        <test-method is-config="true" signature="quitBrowser()[pri:0, instance:testPack.VerifyLoginTestng@4d1c00d0]" started-at="2023-10-13T01:06:04 IST" name="quitBrowser" finished-at="2023-10-13T01:06:05 IST" duration-ms="862" status="PASS">
          <reporter-output>
          </reporter-output>
        </test-method> <!-- quitBrowser -->
      </class> <!-- testPack.VerifyLoginTestng -->
      <class name="testPack.VerifyCheckoutAndConyinueShoopingTestng">
        <test-method is-config="true" signature="launchBrowser(java.lang.String)[pri:0, instance:testPack.VerifyCheckoutAndConyinueShoopingTestng@4b2bac3f]" started-at="2023-10-13T01:05:44 IST" name="launchBrowser" finished-at="2023-10-13T01:05:49 IST" duration-ms="4280" status="PASS">
          <params>
            <param index="0">
              <value>
                <![CDATA[Firefox]]>
              </value>
            </param>
          </params>
          <reporter-output>
          </reporter-output>
        </test-method> <!-- launchBrowser -->
        <test-method is-config="true" signature="LoginAndAddToCart()[pri:0, instance:testPack.VerifyCheckoutAndConyinueShoopingTestng@4b2bac3f]" started-at="2023-10-13T01:05:54 IST" name="LoginAndAddToCart" finished-at="2023-10-13T01:05:56 IST" duration-ms="2352" status="PASS">
          <reporter-output>
          </reporter-output>
        </test-method> <!-- LoginAndAddToCart -->
        <test-method signature="toVerifyCheckoutPage()[pri:1, instance:testPack.VerifyCheckoutAndConyinueShoopingTestng@4b2bac3f]" started-at="2023-10-13T01:05:56 IST" name="toVerifyCheckoutPage" finished-at="2023-10-13T01:05:59 IST" duration-ms="2956" status="PASS">
          <reporter-output>
          </reporter-output>
        </test-method> <!-- toVerifyCheckoutPage -->
        <test-method is-config="true" signature="LogoutFromApplication()[pri:0, instance:testPack.VerifyCheckoutAndConyinueShoopingTestng@4b2bac3f]" started-at="2023-10-13T01:05:59 IST" name="LogoutFromApplication" finished-at="2023-10-13T01:06:00 IST" duration-ms="443" status="PASS">
          <reporter-output>
          </reporter-output>
        </test-method> <!-- LogoutFromApplication -->
        <test-method is-config="true" signature="LoginAndAddToCart()[pri:0, instance:testPack.VerifyCheckoutAndConyinueShoopingTestng@4b2bac3f]" started-at="2023-10-13T01:06:00 IST" name="LoginAndAddToCart" finished-at="2023-10-13T01:06:00 IST" duration-ms="160" status="PASS">
          <reporter-output>
          </reporter-output>
        </test-method> <!-- LoginAndAddToCart -->
        <test-method signature="toVerifyContinueShopping()[pri:2, instance:testPack.VerifyCheckoutAndConyinueShoopingTestng@4b2bac3f]" started-at="2023-10-13T01:06:00 IST" name="toVerifyContinueShopping" finished-at="2023-10-13T01:06:02 IST" duration-ms="2412" status="PASS">
          <reporter-output>
          </reporter-output>
        </test-method> <!-- toVerifyContinueShopping -->
        <test-method is-config="true" signature="LogoutFromApplication()[pri:0, instance:testPack.VerifyCheckoutAndConyinueShoopingTestng@4b2bac3f]" started-at="2023-10-13T01:06:02 IST" name="LogoutFromApplication" finished-at="2023-10-13T01:06:03 IST" duration-ms="402" status="PASS">
          <reporter-output>
          </reporter-output>
        </test-method> <!-- LogoutFromApplication -->
        <test-method is-config="true" signature="closeBrowser()[pri:0, instance:testPack.VerifyCheckoutAndConyinueShoopingTestng@4b2bac3f]" started-at="2023-10-13T01:06:03 IST" name="closeBrowser" finished-at="2023-10-13T01:06:04 IST" duration-ms="1209" status="PASS">
          <reporter-output>
          </reporter-output>
        </test-method> <!-- closeBrowser -->
      </class> <!-- testPack.VerifyCheckoutAndConyinueShoopingTestng -->
    </test> <!-- FirefoxTest -->
  </suite> <!-- Suite -->
</testng-results>
